0 info it worked if it ends with ok
1 verbose cli [ '/usr/local/Cellar/node/6.9.1/bin/node',
1 verbose cli   '/usr/local/bin/npm',
1 verbose cli   'install',
1 verbose cli   'node' ]
2 info using npm@3.10.8
3 info using node@v6.9.1
4 silly loadCurrentTree Starting
5 silly install loadCurrentTree
6 silly install readLocalPackageData
7 silly fetchPackageMetaData node
8 silly fetchNamedPackageData node
9 silly mapToRegistry name node
10 silly mapToRegistry using default registry
11 silly mapToRegistry registry https://registry.npmjs.org/
12 silly mapToRegistry data Result {
12 silly mapToRegistry   raw: 'node',
12 silly mapToRegistry   scope: null,
12 silly mapToRegistry   escapedName: 'node',
12 silly mapToRegistry   name: 'node',
12 silly mapToRegistry   rawSpec: '',
12 silly mapToRegistry   spec: 'latest',
12 silly mapToRegistry   type: 'tag' }
13 silly mapToRegistry uri https://registry.npmjs.org/node
14 verbose request uri https://registry.npmjs.org/node
15 verbose request no auth needed
16 info attempt registry request try #1 at 2:56:28 PM
17 verbose request id 873107d5bd75a684
18 verbose etag W/"61a1c2c7c3c42e8ddb072de0486df967"
19 verbose lastModified Wed, 12 Sep 2018 01:28:54 GMT
20 http request GET https://registry.npmjs.org/node
21 http 304 https://registry.npmjs.org/node
22 verbose headers { date: 'Tue, 18 Sep 2018 13:56:28 GMT',
22 verbose headers   connection: 'keep-alive',
22 verbose headers   'set-cookie': [ '__cfduid=d142bdd325371d12a93e5c42e101e382c1537278988; expires=Wed, 18-Sep-19 13:56:28 GMT; path=/; domain=.registry.npmjs.org; HttpOnly' ],
22 verbose headers   'cf-cache-status': 'HIT',
22 verbose headers   'cache-control': 'max-age=300',
22 verbose headers   'cf-ray': '45c450efb92d6a61-LHR',
22 verbose headers   etag: '"61a1c2c7c3c42e8ddb072de0486df967"',
22 verbose headers   'expect-ct': 'max-age=604800, report-uri="https://report-uri.cloudflare.com/cdn-cgi/beacon/expect-ct"',
22 verbose headers   'last-modified': 'Wed, 12 Sep 2018 01:28:54 GMT',
22 verbose headers   vary: 'accept-encoding, accept',
22 verbose headers   'x-amz-meta-rev': '431-be007b6fd8d3363984354eef82d0d40f',
22 verbose headers   server: 'cloudflare' }
23 silly get cb [ 304,
23 silly get   { date: 'Tue, 18 Sep 2018 13:56:28 GMT',
23 silly get     connection: 'keep-alive',
23 silly get     'set-cookie': [ '__cfduid=d142bdd325371d12a93e5c42e101e382c1537278988; expires=Wed, 18-Sep-19 13:56:28 GMT; path=/; domain=.registry.npmjs.org; HttpOnly' ],
23 silly get     'cf-cache-status': 'HIT',
23 silly get     'cache-control': 'max-age=300',
23 silly get     'cf-ray': '45c450efb92d6a61-LHR',
23 silly get     etag: '"61a1c2c7c3c42e8ddb072de0486df967"',
23 silly get     'expect-ct': 'max-age=604800, report-uri="https://report-uri.cloudflare.com/cdn-cgi/beacon/expect-ct"',
23 silly get     'last-modified': 'Wed, 12 Sep 2018 01:28:54 GMT',
23 silly get     vary: 'accept-encoding, accept',
23 silly get     'x-amz-meta-rev': '431-be007b6fd8d3363984354eef82d0d40f',
23 silly get     server: 'cloudflare' } ]
24 verbose etag https://registry.npmjs.org/node from cache
25 verbose get saving node to /Users/jonathanw/.npm/registry.npmjs.org/node/.cache.json
26 verbose correctMkdir /Users/jonathanw/.npm correctMkdir not in flight; initializing
27 silly install normalizeTree
28 silly loadCurrentTree Finishing
29 silly loadIdealTree Starting
30 silly install loadIdealTree
31 silly cloneCurrentTree Starting
32 silly install cloneCurrentTreeToIdealTree
33 silly cloneCurrentTree Finishing
34 silly loadShrinkwrap Starting
35 silly install loadShrinkwrap
36 silly loadShrinkwrap Finishing
37 silly loadAllDepsIntoIdealTree Starting
38 silly install loadAllDepsIntoIdealTree
39 silly resolveWithNewModule node@10.10.0 checking installable status
40 silly cache add args [ 'node', null ]
41 verbose cache add spec node
42 silly cache add parsed spec Result {
42 silly cache add   raw: 'node',
42 silly cache add   scope: null,
42 silly cache add   escapedName: 'node',
42 silly cache add   name: 'node',
42 silly cache add   rawSpec: '',
42 silly cache add   spec: 'latest',
42 silly cache add   type: 'tag' }
43 silly addNamed node@latest
44 verbose addNamed "latest" is being treated as a dist-tag for node
45 info addNameTag [ 'node', 'latest' ]
46 silly mapToRegistry name node
47 silly mapToRegistry using default registry
48 silly mapToRegistry registry https://registry.npmjs.org/
49 silly mapToRegistry data Result {
49 silly mapToRegistry   raw: 'node',
49 silly mapToRegistry   scope: null,
49 silly mapToRegistry   escapedName: 'node',
49 silly mapToRegistry   name: 'node',
49 silly mapToRegistry   rawSpec: '',
49 silly mapToRegistry   spec: 'latest',
49 silly mapToRegistry   type: 'tag' }
50 silly mapToRegistry uri https://registry.npmjs.org/node
51 verbose addNameTag registry:https://registry.npmjs.org/node not in flight; fetching
52 verbose get https://registry.npmjs.org/node not expired, no request
53 silly addNameTag next cb for node with tag latest
54 silly addNamed node@10.10.0
55 verbose addNamed "10.10.0" is a plain semver version for node
56 silly cache afterAdd node@10.10.0
57 verbose afterAdd /Users/jonathanw/.npm/node/10.10.0/package/package.json not in flight; writing
58 verbose correctMkdir /Users/jonathanw/.npm correctMkdir not in flight; initializing
59 verbose afterAdd /Users/jonathanw/.npm/node/10.10.0/package/package.json written
60 silly fetchNamedPackageData node-bin-setup
61 silly mapToRegistry name node-bin-setup
62 silly mapToRegistry using default registry
63 silly mapToRegistry registry https://registry.npmjs.org/
64 silly mapToRegistry data Result {
64 silly mapToRegistry   raw: 'node-bin-setup',
64 silly mapToRegistry   scope: null,
64 silly mapToRegistry   escapedName: 'node-bin-setup',
64 silly mapToRegistry   name: 'node-bin-setup',
64 silly mapToRegistry   rawSpec: '',
64 silly mapToRegistry   spec: 'latest',
64 silly mapToRegistry   type: 'tag' }
65 silly mapToRegistry uri https://registry.npmjs.org/node-bin-setup
66 verbose request uri https://registry.npmjs.org/node-bin-setup
67 verbose request no auth needed
68 info attempt registry request try #1 at 2:56:29 PM
69 verbose etag W/"696d6ec470fda56a33885508a280edab"
70 verbose lastModified Sun, 27 May 2018 09:55:03 GMT
71 http request GET https://registry.npmjs.org/node-bin-setup
72 http 304 https://registry.npmjs.org/node-bin-setup
73 verbose headers { date: 'Tue, 18 Sep 2018 13:56:29 GMT',
73 verbose headers   connection: 'keep-alive',
73 verbose headers   'set-cookie': [ '__cfduid=dcaf61dbfce1fa61b18ca7ae2ee4d9cef1537278989; expires=Wed, 18-Sep-19 13:56:29 GMT; path=/; domain=.registry.npmjs.org; HttpOnly' ],
73 verbose headers   'cf-cache-status': 'HIT',
73 verbose headers   'cache-control': 'max-age=300',
73 verbose headers   'cf-ray': '45c450f15add6a61-LHR',
73 verbose headers   etag: '"696d6ec470fda56a33885508a280edab"',
73 verbose headers   'expect-ct': 'max-age=604800, report-uri="https://report-uri.cloudflare.com/cdn-cgi/beacon/expect-ct"',
73 verbose headers   'last-modified': 'Sun, 27 May 2018 09:55:03 GMT',
73 verbose headers   vary: 'accept-encoding, accept',
73 verbose headers   server: 'cloudflare' }
74 silly get cb [ 304,
74 silly get   { date: 'Tue, 18 Sep 2018 13:56:29 GMT',
74 silly get     connection: 'keep-alive',
74 silly get     'set-cookie': [ '__cfduid=dcaf61dbfce1fa61b18ca7ae2ee4d9cef1537278989; expires=Wed, 18-Sep-19 13:56:29 GMT; path=/; domain=.registry.npmjs.org; HttpOnly' ],
74 silly get     'cf-cache-status': 'HIT',
74 silly get     'cache-control': 'max-age=300',
74 silly get     'cf-ray': '45c450f15add6a61-LHR',
74 silly get     etag: '"696d6ec470fda56a33885508a280edab"',
74 silly get     'expect-ct': 'max-age=604800, report-uri="https://report-uri.cloudflare.com/cdn-cgi/beacon/expect-ct"',
74 silly get     'last-modified': 'Sun, 27 May 2018 09:55:03 GMT',
74 silly get     vary: 'accept-encoding, accept',
74 silly get     server: 'cloudflare' } ]
75 verbose etag https://registry.npmjs.org/node-bin-setup from cache
76 verbose get saving node-bin-setup to /Users/jonathanw/.npm/registry.npmjs.org/node-bin-setup/.cache.json
77 verbose correctMkdir /Users/jonathanw/.npm correctMkdir not in flight; initializing
78 silly resolveWithNewModule node-bin-setup@1.0.6 checking installable status
79 silly cache add args [ 'node-bin-setup@^1.0.0', null ]
80 verbose cache add spec node-bin-setup@^1.0.0
81 silly cache add parsed spec Result {
81 silly cache add   raw: 'node-bin-setup@^1.0.0',
81 silly cache add   scope: null,
81 silly cache add   escapedName: 'node-bin-setup',
81 silly cache add   name: 'node-bin-setup',
81 silly cache add   rawSpec: '^1.0.0',
81 silly cache add   spec: '>=1.0.0 <2.0.0',
81 silly cache add   type: 'range' }
82 silly addNamed node-bin-setup@>=1.0.0 <2.0.0
83 verbose addNamed ">=1.0.0 <2.0.0" is a valid semver range for node-bin-setup
84 silly addNameRange { name: 'node-bin-setup',
84 silly addNameRange   range: '>=1.0.0 <2.0.0',
84 silly addNameRange   hasData: false }
85 silly mapToRegistry name node-bin-setup
86 silly mapToRegistry using default registry
87 silly mapToRegistry registry https://registry.npmjs.org/
88 silly mapToRegistry data Result {
88 silly mapToRegistry   raw: 'node-bin-setup',
88 silly mapToRegistry   scope: null,
88 silly mapToRegistry   escapedName: 'node-bin-setup',
88 silly mapToRegistry   name: 'node-bin-setup',
88 silly mapToRegistry   rawSpec: '',
88 silly mapToRegistry   spec: 'latest',
88 silly mapToRegistry   type: 'tag' }
89 silly mapToRegistry uri https://registry.npmjs.org/node-bin-setup
90 verbose addNameRange registry:https://registry.npmjs.org/node-bin-setup not in flight; fetching
91 verbose get https://registry.npmjs.org/node-bin-setup not expired, no request
92 silly addNameRange number 2 { name: 'node-bin-setup',
92 silly addNameRange   range: '>=1.0.0 <2.0.0',
92 silly addNameRange   hasData: true }
93 silly addNameRange versions [ 'node-bin-setup',
93 silly addNameRange   [ '1.0.0', '1.0.1', '1.0.2', '1.0.3', '1.0.4', '1.0.6' ] ]
94 silly addNamed node-bin-setup@1.0.6
95 verbose addNamed "1.0.6" is a plain semver version for node-bin-setup
96 silly cache afterAdd node-bin-setup@1.0.6
97 verbose afterAdd /Users/jonathanw/.npm/node-bin-setup/1.0.6/package/package.json not in flight; writing
98 verbose correctMkdir /Users/jonathanw/.npm correctMkdir not in flight; initializing
99 verbose afterAdd /Users/jonathanw/.npm/node-bin-setup/1.0.6/package/package.json written
100 silly loadAllDepsIntoIdealTree Finishing
101 silly loadIdealTree Finishing
102 silly currentTree cucumberjstests@1.0.0
102 silly currentTree ├── any-promise@1.3.0
102 silly currentTree ├── assert-plus@1.0.0
102 silly currentTree ├── assertion-error-formatter@2.0.1
102 silly currentTree ├── babel-runtime@6.26.0
102 silly currentTree ├── balanced-match@1.0.0
102 silly currentTree ├── becke-ch--regex--s0-0-v1--base--pl--lib@1.4.0
102 silly currentTree ├── bluebird@3.5.1
102 silly currentTree ├── brace-expansion@1.1.11
102 silly currentTree ├─┬ cli-table@0.3.1
102 silly currentTree │ └── colors@1.0.3
102 silly currentTree ├── colors@1.3.1
102 silly currentTree ├── commander@2.17.1
102 silly currentTree ├── concat-map@0.0.1
102 silly currentTree ├── core-js@2.5.7
102 silly currentTree ├── core-util-is@1.0.2
102 silly currentTree ├── cucumber-expressions@5.0.18
102 silly currentTree ├── cucumber-tag-expressions@1.1.1
102 silly currentTree ├── cucumber@4.2.1
102 silly currentTree ├── d@0.1.1
102 silly currentTree ├── diff@3.5.0
102 silly currentTree ├── duration@0.2.0
102 silly currentTree ├── error-stack-parser@2.0.2
102 silly currentTree ├── es5-ext@0.10.46
102 silly currentTree ├─┬ es6-iterator@2.0.3
102 silly currentTree │ └── d@1.0.0
102 silly currentTree ├── es6-promise@3.0.2
102 silly currentTree ├─┬ es6-symbol@3.1.1
102 silly currentTree │ └── d@1.0.0
102 silly currentTree ├── escape-string-regexp@1.0.5
102 silly currentTree ├── extsprintf@1.4.0
102 silly currentTree ├── figures@2.0.0
102 silly currentTree ├── fs.realpath@1.0.0
102 silly currentTree ├── gherkin@5.1.0
102 silly currentTree ├── glob@7.1.2
102 silly currentTree ├── immediate@3.0.6
102 silly currentTree ├── indent-string@3.2.0
102 silly currentTree ├── inflight@1.0.6
102 silly currentTree ├── inherits@2.0.3
102 silly currentTree ├── is-generator@1.0.3
102 silly currentTree ├── is-stream@1.1.0
102 silly currentTree ├── isarray@1.0.0
102 silly currentTree ├─┬ jszip@3.1.5
102 silly currentTree │ └── core-js@2.3.0
102 silly currentTree ├── knuth-shuffle-seeded@1.0.6
102 silly currentTree ├── lie@3.1.1
102 silly currentTree ├── lodash@4.17.10
102 silly currentTree ├── lower-case@1.1.4
102 silly currentTree ├── minimatch@3.0.4
102 silly currentTree ├── mz@2.7.0
102 silly currentTree ├── next-tick@1.0.0
102 silly currentTree ├── no-case@2.3.2
102 silly currentTree ├── object-assign@4.1.1
102 silly currentTree ├── once@1.4.0
102 silly currentTree ├── open@0.0.5
102 silly currentTree ├── os-tmpdir@1.0.2
102 silly currentTree ├── pad-right@0.2.2
102 silly currentTree ├── pako@1.0.6
102 silly currentTree ├── path-is-absolute@1.0.1
102 silly currentTree ├── path-parse@1.0.6
102 silly currentTree ├── process-nextick-args@1.0.7
102 silly currentTree ├── progress@2.0.0
102 silly currentTree ├── readable-stream@2.0.6
102 silly currentTree ├── regenerator-runtime@0.11.1
102 silly currentTree ├── repeat-string@1.6.1
102 silly currentTree ├── resolve@1.8.1
102 silly currentTree ├── rimraf@2.6.2
102 silly currentTree ├── sax@1.2.4
102 silly currentTree ├── seed-random@2.2.0
102 silly currentTree ├── selenium-webdriver@4.0.0-alpha.1
102 silly currentTree ├── serialize-error@2.1.0
102 silly currentTree ├── source-map@0.5.6
102 silly currentTree ├── stack-chain@2.0.0
102 silly currentTree ├── stack-generator@2.0.3
102 silly currentTree ├── stackframe@1.0.4
102 silly currentTree ├── stacktrace-gps@3.0.2
102 silly currentTree ├── stacktrace-js@2.0.0
102 silly currentTree ├── string_decoder@0.10.31
102 silly currentTree ├── string-argv@0.0.2
102 silly currentTree ├── thenify-all@1.6.0
102 silly currentTree ├── thenify@3.3.0
102 silly currentTree ├── title-case@2.1.1
102 silly currentTree ├── tmp@0.0.30
102 silly currentTree ├── upper-case@1.1.3
102 silly currentTree ├── util-arity@1.1.0
102 silly currentTree ├── util-deprecate@1.0.2
102 silly currentTree ├── verror@1.10.0
102 silly currentTree ├── wrappy@1.0.2
102 silly currentTree ├── xml2js@0.4.19
102 silly currentTree └── xmlbuilder@9.0.7
103 silly idealTree cucumberjstests@1.0.0
103 silly idealTree ├── any-promise@1.3.0
103 silly idealTree ├── assert-plus@1.0.0
103 silly idealTree ├── assertion-error-formatter@2.0.1
103 silly idealTree ├── babel-runtime@6.26.0
103 silly idealTree ├── balanced-match@1.0.0
103 silly idealTree ├── becke-ch--regex--s0-0-v1--base--pl--lib@1.4.0
103 silly idealTree ├── bluebird@3.5.1
103 silly idealTree ├── brace-expansion@1.1.11
103 silly idealTree ├─┬ cli-table@0.3.1
103 silly idealTree │ └── colors@1.0.3
103 silly idealTree ├── colors@1.3.1
103 silly idealTree ├── commander@2.17.1
103 silly idealTree ├── concat-map@0.0.1
103 silly idealTree ├── core-js@2.5.7
103 silly idealTree ├── core-util-is@1.0.2
103 silly idealTree ├── cucumber-expressions@5.0.18
103 silly idealTree ├── cucumber-tag-expressions@1.1.1
103 silly idealTree ├── cucumber@4.2.1
103 silly idealTree ├── d@0.1.1
103 silly idealTree ├── diff@3.5.0
103 silly idealTree ├── duration@0.2.0
103 silly idealTree ├── error-stack-parser@2.0.2
103 silly idealTree ├── es5-ext@0.10.46
103 silly idealTree ├─┬ es6-iterator@2.0.3
103 silly idealTree │ └── d@1.0.0
103 silly idealTree ├── es6-promise@3.0.2
103 silly idealTree ├─┬ es6-symbol@3.1.1
103 silly idealTree │ └── d@1.0.0
103 silly idealTree ├── escape-string-regexp@1.0.5
103 silly idealTree ├── extsprintf@1.4.0
103 silly idealTree ├── figures@2.0.0
103 silly idealTree ├── fs.realpath@1.0.0
103 silly idealTree ├── gherkin@5.1.0
103 silly idealTree ├── glob@7.1.2
103 silly idealTree ├── immediate@3.0.6
103 silly idealTree ├── indent-string@3.2.0
103 silly idealTree ├── inflight@1.0.6
103 silly idealTree ├── inherits@2.0.3
103 silly idealTree ├── is-generator@1.0.3
103 silly idealTree ├── is-stream@1.1.0
103 silly idealTree ├── isarray@1.0.0
103 silly idealTree ├─┬ jszip@3.1.5
103 silly idealTree │ └── core-js@2.3.0
103 silly idealTree ├── knuth-shuffle-seeded@1.0.6
103 silly idealTree ├── lie@3.1.1
103 silly idealTree ├── lodash@4.17.10
103 silly idealTree ├── lower-case@1.1.4
103 silly idealTree ├── minimatch@3.0.4
103 silly idealTree ├── mz@2.7.0
103 silly idealTree ├── next-tick@1.0.0
103 silly idealTree ├── no-case@2.3.2
103 silly idealTree ├── node-bin-setup@1.0.6
103 silly idealTree ├── node@10.10.0
103 silly idealTree ├── object-assign@4.1.1
103 silly idealTree ├── once@1.4.0
103 silly idealTree ├── open@0.0.5
103 silly idealTree ├── os-tmpdir@1.0.2
103 silly idealTree ├── pad-right@0.2.2
103 silly idealTree ├── pako@1.0.6
103 silly idealTree ├── path-is-absolute@1.0.1
103 silly idealTree ├── path-parse@1.0.6
103 silly idealTree ├── process-nextick-args@1.0.7
103 silly idealTree ├── progress@2.0.0
103 silly idealTree ├── readable-stream@2.0.6
103 silly idealTree ├── regenerator-runtime@0.11.1
103 silly idealTree ├── repeat-string@1.6.1
103 silly idealTree ├── resolve@1.8.1
103 silly idealTree ├── rimraf@2.6.2
103 silly idealTree ├── sax@1.2.4
103 silly idealTree ├── seed-random@2.2.0
103 silly idealTree ├── selenium-webdriver@4.0.0-alpha.1
103 silly idealTree ├── serialize-error@2.1.0
103 silly idealTree ├── source-map@0.5.6
103 silly idealTree ├── stack-chain@2.0.0
103 silly idealTree ├── stack-generator@2.0.3
103 silly idealTree ├── stackframe@1.0.4
103 silly idealTree ├── stacktrace-gps@3.0.2
103 silly idealTree ├── stacktrace-js@2.0.0
103 silly idealTree ├── string_decoder@0.10.31
103 silly idealTree ├── string-argv@0.0.2
103 silly idealTree ├── thenify-all@1.6.0
103 silly idealTree ├── thenify@3.3.0
103 silly idealTree ├── title-case@2.1.1
103 silly idealTree ├── tmp@0.0.30
103 silly idealTree ├── upper-case@1.1.3
103 silly idealTree ├── util-arity@1.1.0
103 silly idealTree ├── util-deprecate@1.0.2
103 silly idealTree ├── verror@1.10.0
103 silly idealTree ├── wrappy@1.0.2
103 silly idealTree ├── xml2js@0.4.19
103 silly idealTree └── xmlbuilder@9.0.7
104 silly generateActionsToTake Starting
105 silly install generateActionsToTake
106 silly generateActionsToTake Finishing
107 silly diffTrees action count 2
108 silly diffTrees add node-bin-setup@1.0.6
109 silly diffTrees add node@10.10.0
110 silly decomposeActions action count 16
111 silly decomposeActions fetch node-bin-setup@1.0.6
112 silly decomposeActions extract node-bin-setup@1.0.6
113 silly decomposeActions test node-bin-setup@1.0.6
114 silly decomposeActions preinstall node-bin-setup@1.0.6
115 silly decomposeActions build node-bin-setup@1.0.6
116 silly decomposeActions install node-bin-setup@1.0.6
117 silly decomposeActions postinstall node-bin-setup@1.0.6
118 silly decomposeActions finalize node-bin-setup@1.0.6
119 silly decomposeActions fetch node@10.10.0
120 silly decomposeActions extract node@10.10.0
121 silly decomposeActions test node@10.10.0
122 silly decomposeActions preinstall node@10.10.0
123 silly decomposeActions build node@10.10.0
124 silly decomposeActions install node@10.10.0
125 silly decomposeActions postinstall node@10.10.0
126 silly decomposeActions finalize node@10.10.0
127 silly runTopLevelLifecycles Starting
128 silly executeActions Starting
129 silly install executeActions
130 silly doSerial global-install 0
131 silly doParallel fetch 2
132 verbose correctMkdir /Users/jonathanw/.npm/_locks correctMkdir not in flight; initializing
133 verbose lock using /Users/jonathanw/.npm/_locks/staging-44acb3fd5979d5b0.lock for /Users/jonathanw/cucumberjstests/node_modules/.staging
134 silly doParallel extract 2
135 silly extract node-bin-setup@1.0.6
136 silly extract node@10.10.0
137 verbose unbuild node_modules/.staging/node-224e0cea
138 silly gentlyRm /Users/jonathanw/cucumberjstests/node_modules/.staging/node-224e0cea is being purged from base /Users/jonathanw/cucumberjstests
139 verbose gentlyRm don't care about contents; nuking /Users/jonathanw/cucumberjstests/node_modules/.staging/node-224e0cea
140 verbose unbuild node_modules/.staging/node-bin-setup-2f576a11
141 verbose tar unpack /Users/jonathanw/.npm/node/10.10.0/package.tgz
142 verbose tar unpacking to /Users/jonathanw/cucumberjstests/node_modules/.staging/node-224e0cea
143 silly gentlyRm /Users/jonathanw/cucumberjstests/node_modules/.staging/node-224e0cea is being purged
144 verbose gentlyRm don't care about contents; nuking /Users/jonathanw/cucumberjstests/node_modules/.staging/node-224e0cea
145 silly gunzTarPerm modes [ '755', '644' ]
146 silly gentlyRm /Users/jonathanw/cucumberjstests/node_modules/.staging/node-bin-setup-2f576a11 is being purged from base /Users/jonathanw/cucumberjstests
147 verbose gentlyRm don't care about contents; nuking /Users/jonathanw/cucumberjstests/node_modules/.staging/node-bin-setup-2f576a11
148 verbose tar unpack /Users/jonathanw/.npm/node-bin-setup/1.0.6/package.tgz
149 verbose tar unpacking to /Users/jonathanw/cucumberjstests/node_modules/.staging/node-bin-setup-2f576a11
150 silly gentlyRm /Users/jonathanw/cucumberjstests/node_modules/.staging/node-bin-setup-2f576a11 is being purged
151 verbose gentlyRm don't care about contents; nuking /Users/jonathanw/cucumberjstests/node_modules/.staging/node-bin-setup-2f576a11
152 silly gunzTarPerm modes [ '755', '644' ]
153 silly gunzTarPerm extractEntry package.json
154 silly gunzTarPerm extractEntry package.json
155 silly gunzTarPerm extractEntry installArchSpecificPackage.js
156 silly gunzTarPerm extractEntry README.md
157 silly gunzTarPerm extractEntry index.js
158 silly gentlyRm /Users/jonathanw/cucumberjstests/node_modules/.staging/node-bin-setup-2f576a11/node_modules is being purged
159 verbose gentlyRm don't care about contents; nuking /Users/jonathanw/cucumberjstests/node_modules/.staging/node-bin-setup-2f576a11/node_modules
160 silly gentlyRm /Users/jonathanw/cucumberjstests/node_modules/.staging/node-224e0cea/node_modules is being purged
161 verbose gentlyRm don't care about contents; nuking /Users/jonathanw/cucumberjstests/node_modules/.staging/node-224e0cea/node_modules
162 silly doParallel preinstall 2
163 silly preinstall node-bin-setup@1.0.6 /Users/jonathanw/cucumberjstests/node_modules/.staging/node-bin-setup-2f576a11
164 info lifecycle node-bin-setup@1.0.6~preinstall: node-bin-setup@1.0.6
165 silly preinstall node@10.10.0 /Users/jonathanw/cucumberjstests/node_modules/.staging/node-224e0cea
166 info lifecycle node@10.10.0~preinstall: node@10.10.0
167 silly lifecycle node-bin-setup@1.0.6~preinstall: no script for preinstall, continuing
168 verbose lifecycle node@10.10.0~preinstall: unsafe-perm in lifecycle true
169 verbose lifecycle node@10.10.0~preinstall: PATH: /usr/local/lib/node_modules/npm/bin/node-gyp-bin:/Users/jonathanw/cucumberjstests/node_modules/.staging/node-224e0cea/node_modules/.bin:/Users/jonathanw/cucumberjstests/node_modules/.bin:/usr/local/Cellar/node/6.9.1/bin:/Users/jonathanw/.rvm/gems/ruby-2.4.0/bin:/Users/jonathanw/.rvm/gems/ruby-2.4.0@global/bin:/Users/jonathanw/.rvm/rubies/ruby-2.4.0/bin:/usr/local/bin:/usr/bin:/bin:/usr/sbin:/sbin:/Users/jonathanw/.rvm/bin
170 verbose lifecycle node@10.10.0~preinstall: CWD: /Users/jonathanw/cucumberjstests/node_modules/.staging/node-224e0cea
171 silly lifecycle node@10.10.0~preinstall: Args: [ '-c', 'node installArchSpecificPackage' ]
172 silly lifecycle node@10.10.0~preinstall: Returned: code: 1  signal: null
173 info lifecycle node@10.10.0~preinstall: Failed to exec preinstall script
174 verbose unlock done using /Users/jonathanw/.npm/_locks/staging-44acb3fd5979d5b0.lock for /Users/jonathanw/cucumberjstests/node_modules/.staging
175 silly rollbackFailedOptional Starting
176 silly rollbackFailedOptional Finishing
177 silly runTopLevelLifecycles Finishing
178 silly install printInstalled
179 warn cucumberjstests@1.0.0 No description
180 verbose If you need help, you may report this error at:
180 verbose     <https://github.com/npm/npm/issues>
181 warn cucumberjstests@1.0.0 No repository field.
182 verbose If you need help, you may report this error at:
182 verbose     <https://github.com/npm/npm/issues>
183 verbose stack Error: node@10.10.0 preinstall: `node installArchSpecificPackage`
183 verbose stack Exit status 1
183 verbose stack     at EventEmitter.<anonymous> (/usr/local/lib/node_modules/npm/lib/utils/lifecycle.js:255:16)
183 verbose stack     at emitTwo (events.js:106:13)
183 verbose stack     at EventEmitter.emit (events.js:191:7)
183 verbose stack     at ChildProcess.<anonymous> (/usr/local/lib/node_modules/npm/lib/utils/spawn.js:40:14)
183 verbose stack     at emitTwo (events.js:106:13)
183 verbose stack     at ChildProcess.emit (events.js:191:7)
183 verbose stack     at maybeClose (internal/child_process.js:877:16)
183 verbose stack     at Process.ChildProcess._handle.onexit (internal/child_process.js:226:5)
184 verbose pkgid node@10.10.0
185 verbose cwd /Users/jonathanw/cucumberjstests
186 error Darwin 17.6.0
187 error argv "/usr/local/Cellar/node/6.9.1/bin/node" "/usr/local/bin/npm" "install" "node"
188 error node v6.9.1
189 error npm  v3.10.8
190 error code ELIFECYCLE
191 error node@10.10.0 preinstall: `node installArchSpecificPackage`
191 error Exit status 1
192 error Failed at the node@10.10.0 preinstall script 'node installArchSpecificPackage'.
192 error Make sure you have the latest version of node.js and npm installed.
192 error If you do, this is most likely a problem with the node package,
192 error not with npm itself.
192 error Tell the author that this fails on your system:
192 error     node installArchSpecificPackage
192 error You can get information on how to open an issue for this project with:
192 error     npm bugs node
192 error Or if that isn't available, you can get their info via:
192 error     npm owner ls node
192 error There is likely additional logging output above.
193 verbose exit [ 1, true ]
